<?xml version="1.0" encoding="UTF-8"?>
<!-- Generated by org.testng.reporters.JUnitXMLReporter -->
<testsuite ignored="0" hostname="DESKTOP-H723JSC" failures="1" tests="2" name="logintest" time="0.056" errors="0" timestamp="2024-03-12T16:22:13 IST">
  <testcase classname="listeners.LoginTest" name="loginByEmail" time="0.015"/>
  <testcase classname="listeners.LoginTest" name="loginByfacebook" time="0.008">
    <failure type="java.lang.AssertionError" message="expected [jaini] but found [Amulya]">
      <![CDATA[java.lang.AssertionError: expected [jaini] but found [Amulya]
at listeners.LoginTest.loginByfacebook(LoginTest.java:17)
at java.base/java.util.ArrayList.forEach(ArrayList.java:1596)
... Removed 31 stack frames]]>
    </failure>
  </testcase> <!-- loginByfacebook -->
</testsuite> <!-- logintest -->
