<?xml version="1.0" encoding="UTF-8"?>
<!-- Generated by org.testng.reporters.JUnitXMLReporter -->
<testsuite ignored="0" hostname="DESKTOP-H723JSC" failures="0" tests="3" name="Functional testing" time="0.012" errors="0" timestamp="2024-03-12T16:01:23 IST">
  <testcase classname="batchTesting.PaymentTest" name="PaymentinDollars" time="0.002"/>
  <testcase classname="batchTesting.PaymentTest" name="PaymentinRupees" time="0.002"/>
  <testcase classname="batchTesting.PaymentsReturns" name="PaymentReturnBank" time="0.001"/>
</testsuite> <!-- Functional testing -->
