<?xml version="1.0" encoding="UTF-8"?>
<!-- Generated by org.testng.reporters.JUnitXMLReporter -->
<testsuite ignored="0" hostname="DESKTOP-H723JSC" failures="0" tests="6" name="sanity testing" time="0.077" errors="0" timestamp="2024-03-12T16:01:23 IST">
  <testcase classname="batchTesting.LoginTest" name="loginByEmail" time="0.012"/>
  <testcase classname="batchTesting.LoginTest" name="loginByFacebook" time="0.003"/>
  <testcase classname="batchTesting.LoginTest" name="loginByTwitter" time="0.003"/>
  <testcase classname="batchTesting.SignupTest" name="SignupByEmail" time="0.002"/>
  <testcase classname="batchTesting.SignupTest" name="SignupByFacebook" time="0.003"/>
  <testcase classname="batchTesting.SignupTest" name="SignupByTwitter" time="0.002"/>
</testsuite> <!-- sanity testing -->
